----------BOOKMARKS BOUGHT------------
Covenant Bookmarks: 5
Mystic Bookmarks: 50
SkyStones Spent: 111
--------------------------------------

----------BOOKMARKS BOUGHT------------
Covenant Bookmarks: 60
Mystic Bookmarks: 300
SkyStones Spent: 609
--------------------------------------

----------BOOKMARKS BOUGHT------------
08/07/21 00:48:13
Covenant Bookmarks: 30
Mystic Bookmarks: 0
SkyStones Spent: 150
--------------------------------------

----------BOOKMARKS BOUGHT------------
08/07/21 12:28:34
Covenant Bookmarks: 20
Mystic Bookmarks: 100
SkyStones Spent: 264
--------------------------------------

----------BOOKMARKS BOUGHT------------
08/07/21 12:30:21
Covenant Bookmarks: 5
Mystic Bookmarks: 0
SkyStones Spent: 6
--------------------------------------

----------BOOKMARKS BOUGHT------------
08/07/21 20:15:21
Covenant Bookmarks: 0
Mystic Bookmarks: 0
SkyStones Spent: 3
--------------------------------------

----------BOOKMARKS BOUGHT------------
08/07/21 20:17:18
Covenant Bookmarks: 5
Mystic Bookmarks: 50
SkyStones Spent: 45
--------------------------------------

----------BOOKMARKS BOUGHT------------
08/07/21 20:35:07
Covenant Bookmarks: 40
Mystic Bookmarks: 50
SkyStones Spent: 465
--------------------------------------

----------BOOKMARKS BOUGHT------------
08/09/21 09:22:41
Elapsed Time: 0:02:02.587137
Covenant Bookmarks: 0
Mystic Bookmarks: 0
SkyStones Spent: 54
--------------------------------------

----------BOOKMARKS BOUGHT------------
08/09/21 09:39:14
Elapsed Time: 0:10:31.089854
Covenant Bookmarks: 25
Mystic Bookmarks: 0
SkyStones Spent: 279
--------------------------------------